<?xml version="1.0" encoding="UTF-8"?>
<!-- Generated by org.testng.reporters.JUnitXMLReporter -->
<testsuite hostname="DESKTOP-PEVVTSQ" name="bankingtest" tests="1" failures="1" timestamp="16 Feb 2020 03:55:01 GMT" time="14.286" errors="0">
  <testcase name="LoginTest" time="3.078" classname="com.sudeeksha.TestCases.TC_Login">
    <failure type="junit.framework.AssertionFailedError">
      <![CDATA[junit.framework.AssertionFailedError
	at junit.framework.Assert.fail(Assert.java:47)
	at junit.framework.Assert.assertTrue(Assert.java:20)
	at junit.framework.Assert.assertTrue(Assert.java:27)
	at com.sudeeksha.TestCases.TC_Login.LoginTest(TC_Login.java:39)
... Removed 24 stack frames]]>
    </failure>
  </testcase> <!-- LoginTest -->
</testsuite> <!-- bankingtest -->
