<?xml version="1.0" encoding="UTF-8"?>
<!-- Generated by org.testng.reporters.JUnitXMLReporter -->
<testsuite hostname="DESKTOP-PEVVTSQ" name="ebankingtest" tests="1" failures="1" timestamp="17 Feb 2020 17:08:06 GMT" time="16.763" errors="0">
  <testcase name="LoginTest" time="2.811" classname="com.sudeeksha.TestCases.TC_Login">
    <failure type="junit.framework.AssertionFailedError">
      <![CDATA[junit.framework.AssertionFailedError
	at junit.framework.Assert.fail(Assert.java:47)
	at junit.framework.Assert.assertTrue(Assert.java:20)
	at junit.framework.Assert.assertTrue(Assert.java:27)
	at com.sudeeksha.TestCases.TC_Login.LoginTest(TC_Login.java:39)
... Removed 24 stack frames]]>
    </failure>
  </testcase> <!-- LoginTest -->
</testsuite> <!-- ebankingtest -->
